--------------------
q1 > Test #15
Test #15
ERROR
cond: all question results were false
  context...:
   /usr/share/racket/collects/racket/private/more-scheme.rkt:261:28
   .../more-scheme.rkt:261:28
   /usr/share/racket/pkgs/rackunit-lib/rackunit/private/result.rkt:99:3
   /usr/share/racket/pkgs/rackunit-lib/rackunit/private/test-suite.rkt:28:2
   /usr/share/racket/pkgs/rackunit-lib/rackunit/private/test-suite.rkt:85:13: the-tests
   /usr/share/racket/pkgs/rackunit-lib/rackunit/private/test-suite.rkt:60:0: apply-test-suite
   /usr/share/racket/pkgs/rackunit-lib/rackunit/text-ui.rkt:200:0: run-tests14
   /home/justin/src/CODECUT/set02/pdp-nikhilaraya/set02/q1-bb.rkt: [running body]

--------------------
--------------------
q1 > Test #16
Test #16
ERROR
cond: all question results were false
  context...:
   /usr/share/racket/collects/racket/private/more-scheme.rkt:261:28
   .../more-scheme.rkt:261:28
   /usr/share/racket/pkgs/rackunit-lib/rackunit/private/result.rkt:99:3
   /usr/share/racket/pkgs/rackunit-lib/rackunit/private/test-suite.rkt:28:2
   /usr/share/racket/pkgs/rackunit-lib/rackunit/private/test-suite.rkt:85:13: the-tests
   /usr/share/racket/pkgs/rackunit-lib/rackunit/private/test-suite.rkt:60:0: apply-test-suite
   /usr/share/racket/pkgs/rackunit-lib/rackunit/text-ui.rkt:200:0: run-tests14
   /home/justin/src/CODECUT/set02/pdp-nikhilaraya/set02/q1-bb.rkt: [running body]

--------------------
14 success(es) 0 failure(s) 2 error(s) 16 test(s) run
extras.rkt Wed Sep 14 08:52:19 2016
q1.rkt appears to be in a correctly named folder. Running tests...
Running tests from q1.rkt...
All tests passed (36 tests).
2
