--------------------
q1 > Test #24
Test #24
FAILURE
name:       check-equal?
location:   q1-bb.rkt:320:4
params:     '(587 3947)
'(587 2267 3947)
actual:     '(587 3947)
expected:   '(587 2267 3947)
expression: (check-equal? (core-bounce-special-log (initial-world 0) 5000 world-doodad-star) (list 587 2267 3947))
message:    "both of the star's velocity components should change sign after 588 ticks"
Check failure
--------------------
24 success(es) 1 failure(s) 0 error(s) 25 test(s) run
extras.rkt Wed Sep 14 08:52:19 2016
q1.rkt appears to be in a correctly named folder. Running tests...
Running tests from q1.rkt...
All tests passed (54 tests).
1
